<?xml version="1.0" encoding="UTF-8"?>
<!-- Generated by org.testng.reporters.JUnitReportReporter -->
<testsuite hostname="hp" name="com.model.MercuryTsPropertiesTest" tests="4" failures="0" timestamp="25 Jun 2019 05:15:48 GMT" time="17.324" errors="0">
  <testcase name="loginwithValidds2" time="4.381" classname="com.model.MercuryTsPropertiesTest"/>
  <testcase name="loginwithValidds1" time="5.644" classname="com.model.MercuryTsPropertiesTest"/>
  <testcase name="loginwithValidds3" time="4.556" classname="com.model.MercuryTsPropertiesTest"/>
  <testcase name="loginwithInValidds4" time="2.743" classname="com.model.MercuryTsPropertiesTest"/>
</testsuite> <!-- com.model.MercuryTsPropertiesTest -->
